2017-04-10 23:24:38,043 [Worker-12] INFO  o.e.m.c.i.l.LifecycleMappingFactory - Using org.maven.ide.eclipse.wtp.WarLifecycleMapping lifecycle mapping for MavenProject: com.example:demo:0.0.1-SNAPSHOT @ D:\GIFHUB\QuanLiGiayKhaiSinh\Source\QuanLyKhaiSinh\pom.xml.
2017-04-10 23:24:47,519 [Worker-12] INFO  o.e.m.j.i.AbstractJavaProjectConfigurator - Adding source folder /QuanLyKhaiSinh/src/main/java
2017-04-10 23:24:47,521 [Worker-12] INFO  o.e.m.j.i.AbstractJavaProjectConfigurator - Adding resource folder /QuanLyKhaiSinh/src/main/resources
2017-04-10 23:24:47,525 [Worker-12] INFO  o.e.m.j.i.AbstractJavaProjectConfigurator - Adding resource folder /QuanLyKhaiSinh/src/main/resources
2017-04-10 23:24:47,528 [Worker-12] INFO  o.e.m.j.i.AbstractJavaProjectConfigurator - Adding source folder /QuanLyKhaiSinh/src/test/java
2017-04-10 23:24:52,586 [Worker-12] INFO  o.e.m.c.i.p.ProjectConfigurationManager - Imported and configured 1 project(s) in 21 sec
2017-04-10 23:24:59,969 [Worker-4] INFO  o.e.m.c.i.embedder.EclipseLogger - Using 'UTF-8' encoding to copy filtered resources.
2017-04-10 23:24:59,982 [Worker-4] INFO  o.e.m.c.i.embedder.EclipseLogger - Copying 1 resource
2017-04-10 23:25:00,032 [Worker-4] INFO  o.e.m.c.i.embedder.EclipseLogger - Copying 15 resources
2017-04-10 23:25:00,340 [Worker-4] INFO  o.e.m.c.i.embedder.EclipseLogger - Using 'UTF-8' encoding to copy filtered resources.
2017-04-10 23:25:00,341 [Worker-4] INFO  o.e.m.c.i.embedder.EclipseLogger - skip non existing resourceDirectory D:\GIFHUB\QuanLiGiayKhaiSinh\Source\QuanLyKhaiSinh\src\test\resources
2017-04-10 23:25:27,585 [Worker-1] INFO  o.e.m.c.i.p.ProjectConfigurationManager - Update started
2017-04-10 23:25:30,295 [Worker-1] INFO  o.e.m.c.i.l.LifecycleMappingFactory - Using org.maven.ide.eclipse.wtp.WarLifecycleMapping lifecycle mapping for MavenProject: com.example:demo:0.0.1-SNAPSHOT @ D:\GIFHUB\QuanLiGiayKhaiSinh\Source\QuanLyKhaiSinh\pom.xml.
2017-04-10 23:25:34,697 [Worker-1] INFO  o.e.m.j.i.AbstractJavaProjectConfigurator - Adding source folder /QuanLyKhaiSinh/src/main/java
2017-04-10 23:25:34,697 [Worker-1] INFO  o.e.m.j.i.AbstractJavaProjectConfigurator - Adding resource folder /QuanLyKhaiSinh/src/main/resources
2017-04-10 23:25:34,698 [Worker-1] INFO  o.e.m.j.i.AbstractJavaProjectConfigurator - Adding resource folder /QuanLyKhaiSinh/src/main/resources
2017-04-10 23:25:34,700 [Worker-1] INFO  o.e.m.j.i.AbstractJavaProjectConfigurator - Adding source folder /QuanLyKhaiSinh/src/test/java
2017-04-10 23:25:37,823 [Worker-1] INFO  o.e.m.w.i.f.ResourceFilteringBuildParticipant - Cleaning filtered folder for QuanLyKhaiSinh
2017-04-10 23:25:37,838 [Worker-1] INFO  o.e.m.c.i.p.ProjectConfigurationManager - Update completed: 10 sec
2017-04-10 23:25:45,858 [Worker-16] INFO  o.e.m.c.i.embedder.EclipseLogger - Using 'UTF-8' encoding to copy filtered resources.
2017-04-10 23:25:45,860 [Worker-16] INFO  o.e.m.c.i.embedder.EclipseLogger - Copying 1 resource
2017-04-10 23:25:45,899 [Worker-16] INFO  o.e.m.c.i.embedder.EclipseLogger - Copying 15 resources
2017-04-10 23:25:45,974 [Worker-16] INFO  o.e.m.c.i.embedder.EclipseLogger - Using 'UTF-8' encoding to copy filtered resources.
2017-04-10 23:25:45,975 [Worker-16] INFO  o.e.m.c.i.embedder.EclipseLogger - skip non existing resourceDirectory D:\GIFHUB\QuanLiGiayKhaiSinh\Source\QuanLyKhaiSinh\src\test\resources
2017-04-10 23:25:45,976 [Worker-16] INFO  o.e.m.w.i.f.ResourceFilteringBuildParticipant - Changed resources require a complete clean of filtered resources of QuanLyKhaiSinh
2017-04-10 23:25:45,978 [Worker-16] INFO  o.e.m.w.i.f.ResourceFilteringBuildParticipant - Executing resource filtering for QuanLyKhaiSinh
2017-04-10 23:25:45,993 [Worker-16] INFO  o.e.m.c.i.embedder.EclipseLogger - Using 'UTF-8' encoding to copy filtered resources.
